<?xml version="1.0" encoding="UTF-8"?>
<!-- Generated by org.testng.reporters.JUnitReportReporter -->
<testsuite hostname="DESKTOP-8HIEVKR" failures="0" tests="1" name="scenarios.SearchForRedmi" time="12.671" errors="0" timestamp="2022-09-20T13:43:27 IST" skipped="0">
  <testcase classname="scenarios.SearchForRedmi" name="TestCase01" time="12.671"/>
  <system-out/>
</testsuite> <!-- scenarios.SearchForRedmi -->
