<?xml version="1.0" encoding="UTF-8"?>
<!-- Generated by org.testng.reporters.JUnitReportReporter -->
<testsuite hostname="DESKTOP-8HIEVKR" failures="0" tests="1" name="scenarios.SearchAndAddProductToCartTest" time="17.977" errors="0" timestamp="2022-09-20T13:22:40 IST" skipped="0">
  <testcase classname="scenarios.SearchAndAddProductToCartTest" name="TestCase01" time="17.977"/>
  <system-out/>
</testsuite> <!-- scenarios.SearchAndAddProductToCartTest -->
